#-----------------------------------------------------------
# Vivado v2019.1 (64-bit)
# SW Build 2552052 on Fri May 24 14:49:42 MDT 2019
# IP Build 2548770 on Fri May 24 18:01:18 MDT 2019
# Start of session at: Thu Jan 25 16:48:23 2024
# Process ID: 22076
# Current directory: D:/rit/private/mathworks/fileExchange/vivado-vdma-project
# Command line: vivado.exe -notrace -mode batch -source project.tcl
# Log file: D:/rit/private/mathworks/fileExchange/vivado-vdma-project/vivado.log
# Journal file: D:/rit/private/mathworks/fileExchange/vivado-vdma-project\vivado.jou
#-----------------------------------------------------------
source project.tcl -notrace
INFO: [IP_Flow 19-234] Refreshing IP repositories
INFO: [IP_Flow 19-1700] Loaded user IP repository 'd:/rit/private/mathworks/fileExchange/vivado-vdma-project/ip'.
INFO: [IP_Flow 19-2313] Loaded Vivado IP repository 'C:/Xilinx/Vivado/2019.1/data/ip'.
INFO: [BD 41-434] Could not find an IP with XCI file by name: design_1_processing_system7_0_0 
INFO: [PS7-6] Configuring Board Preset part0. Please wait ......
INFO: [BD 41-434] Could not find an IP with XCI file by name: design_1_ps7_0_axi_periph_0 
INFO: [BD 41-434] Could not find an IP with XCI file by name: design_1_xbar_0 
INFO: [BD 41-434] Could not find an IP with XCI file by name: design_1_auto_pc_6 
INFO: [BD 41-434] Could not find an IP with XCI file by name: design_1_rst_ps7_0_50M_0 
INFO: [Ipptcl 7-1463] No Compatible Board Interface found. Board Tab not created in customize GUI
INFO: [BD 41-434] Could not find an IP with XCI file by name: design_1_axi_vdma_1_0 
INFO: [BD 41-434] Could not find an IP with XCI file by name: design_1_cam_axi_1_0 
INFO: [BD 41-434] Could not find an IP with XCI file by name: design_1_smartconnect_0_0 
INFO: [BD 41-434] Could not find an IP with XCI file by name: design_1_axi_vdma_2_0 
INFO: [BD 41-434] Could not find an IP with XCI file by name: design_1_axi_vdma_3_0 
INFO: [BD 41-434] Could not find an IP with XCI file by name: design_1_cam_axi_2_0 
INFO: [BD 41-434] Could not find an IP with XCI file by name: design_1_read_trigger_0_0 
INFO: [BD 41-434] Could not find an IP with XCI file by name: design_1_smartconnect_1_0 
INFO: [BD 41-434] Could not find an IP with XCI file by name: design_1_axis_broadcaster_0_0 
INFO: [BD 41-433] 
Design successfully migrated to use XCI files...
INFO: [Ipptcl 7-1463] No Compatible Board Interface found. Board Tab not created in customize GUI
INFO: [Ipptcl 7-1463] No Compatible Board Interface found. Board Tab not created in customize GUI
Wrote  : <D:\rit\private\mathworks\fileExchange\vivado-vdma-project\src\design_1.bd> 
VHDL Output written to : D:/rit/private/mathworks/fileExchange/vivado-vdma-project/src/synth/design_1.vhd
VHDL Output written to : D:/rit/private/mathworks/fileExchange/vivado-vdma-project/src/sim/design_1.vhd
VHDL Output written to : D:/rit/private/mathworks/fileExchange/vivado-vdma-project/src/hdl/design_1_wrapper.vhd
make_wrapper: Time (s): cpu = 00:00:03 ; elapsed = 00:00:16 . Memory (MB): peak = 662.598 ; gain = 377.504
INFO: [Common 17-206] Exiting Vivado at Thu Jan 25 16:48:44 2024...
